<?xml version="1.0" encoding="UTF-8"?>
<!-- Generated by org.testng.reporters.JUnitReportReporter -->
<testsuite hostname="ps" failures="0" tests="4" name="day1.HttpRequest" time="10.561" errors="0" timestamp="2023-07-29T20:26:20 IST" skipped="0">
  <testcase classname="day1.HttpRequest" name="getUsers" time="6.986"/>
  <testcase classname="day1.HttpRequest" name="createUsers" time="1.406"/>
  <testcase classname="day1.HttpRequest" name="updateUser" time="0.691"/>
  <testcase classname="day1.HttpRequest" name="deleteUser" time="1.478"/>
</testsuite> <!-- day1.HttpRequest -->
